0 info it worked if it ends with ok
1 verbose cli [ 'node', '/usr/local/bin/npm', 'publish' ]
2 info using npm@1.3.26
3 info using node@v0.10.25
4 verbose publish [ '.' ]
5 verbose cache add [ '.', null ]
6 verbose cache add name=undefined spec="." args=[".",null]
7 verbose parsed url { protocol: null,
7 verbose parsed url   slashes: null,
7 verbose parsed url   auth: null,
7 verbose parsed url   host: null,
7 verbose parsed url   port: null,
7 verbose parsed url   hostname: null,
7 verbose parsed url   hash: null,
7 verbose parsed url   search: null,
7 verbose parsed url   query: null,
7 verbose parsed url   pathname: '.',
7 verbose parsed url   path: '.',
7 verbose parsed url   href: '.' }
8 silly lockFile 3a52ce78- .
9 verbose lock . /home/raylin/.npm/3a52ce78-.lock
10 verbose tar pack [ '/home/raylin/tmp/npm-3170-vrvn4mUS/1392964744587-0.8566589232068509/tmp.tgz',
10 verbose tar pack   '.' ]
11 verbose tarball /home/raylin/tmp/npm-3170-vrvn4mUS/1392964744587-0.8566589232068509/tmp.tgz
12 verbose folder .
13 info prepublish node-ssbox@0.0.1
14 silly lockFile 1f1177db-tar tar://.
15 verbose lock tar://. /home/raylin/.npm/1f1177db-tar.lock
16 silly lockFile 01687c5e-44587-0-8566589232068509-tmp-tgz tar:///home/raylin/tmp/npm-3170-vrvn4mUS/1392964744587-0.8566589232068509/tmp.tgz
17 verbose lock tar:///home/raylin/tmp/npm-3170-vrvn4mUS/1392964744587-0.8566589232068509/tmp.tgz /home/raylin/.npm/01687c5e-44587-0-8566589232068509-tmp-tgz.lock
18 silly lockFile 1f1177db-tar tar://.
19 silly lockFile 1f1177db-tar tar://.
20 silly lockFile 01687c5e-44587-0-8566589232068509-tmp-tgz tar:///home/raylin/tmp/npm-3170-vrvn4mUS/1392964744587-0.8566589232068509/tmp.tgz
21 silly lockFile 01687c5e-44587-0-8566589232068509-tmp-tgz tar:///home/raylin/tmp/npm-3170-vrvn4mUS/1392964744587-0.8566589232068509/tmp.tgz
22 verbose tar unpack /home/raylin/tmp/npm-3170-vrvn4mUS/1392964744587-0.8566589232068509/tmp.tgz
23 silly lockFile 86a58b7b-44587-0-8566589232068509-package tar:///home/raylin/tmp/npm-3170-vrvn4mUS/1392964744587-0.8566589232068509/package
24 verbose lock tar:///home/raylin/tmp/npm-3170-vrvn4mUS/1392964744587-0.8566589232068509/package /home/raylin/.npm/86a58b7b-44587-0-8566589232068509-package.lock
25 silly lockFile 01687c5e-44587-0-8566589232068509-tmp-tgz tar:///home/raylin/tmp/npm-3170-vrvn4mUS/1392964744587-0.8566589232068509/tmp.tgz
26 verbose lock tar:///home/raylin/tmp/npm-3170-vrvn4mUS/1392964744587-0.8566589232068509/tmp.tgz /home/raylin/.npm/01687c5e-44587-0-8566589232068509-tmp-tgz.lock
27 silly gunzTarPerm modes [ '755', '644' ]
28 silly gunzTarPerm extractEntry package.json
29 silly gunzTarPerm modified mode [ 'package.json', 436, 420 ]
30 silly gunzTarPerm extractEntry .npmignore
31 silly gunzTarPerm extractEntry README.md
32 silly gunzTarPerm modified mode [ 'README.md', 436, 420 ]
33 silly gunzTarPerm extractEntry index.js
34 silly gunzTarPerm modified mode [ 'index.js', 436, 420 ]
35 silly gunzTarPerm extractEntry lib/ssbox.js
36 silly gunzTarPerm modified mode [ 'lib/ssbox.js', 436, 420 ]
37 silly lockFile 86a58b7b-44587-0-8566589232068509-package tar:///home/raylin/tmp/npm-3170-vrvn4mUS/1392964744587-0.8566589232068509/package
38 silly lockFile 86a58b7b-44587-0-8566589232068509-package tar:///home/raylin/tmp/npm-3170-vrvn4mUS/1392964744587-0.8566589232068509/package
39 silly lockFile 01687c5e-44587-0-8566589232068509-tmp-tgz tar:///home/raylin/tmp/npm-3170-vrvn4mUS/1392964744587-0.8566589232068509/tmp.tgz
40 silly lockFile 01687c5e-44587-0-8566589232068509-tmp-tgz tar:///home/raylin/tmp/npm-3170-vrvn4mUS/1392964744587-0.8566589232068509/tmp.tgz
41 verbose tar pack [ '/home/raylin/.npm/node-ssbox/0.0.1/package.tgz',
41 verbose tar pack   '/home/raylin/tmp/npm-3170-vrvn4mUS/1392964744587-0.8566589232068509/package' ]
42 verbose tarball /home/raylin/.npm/node-ssbox/0.0.1/package.tgz
43 verbose folder /home/raylin/tmp/npm-3170-vrvn4mUS/1392964744587-0.8566589232068509/package
44 silly lockFile 86a58b7b-44587-0-8566589232068509-package tar:///home/raylin/tmp/npm-3170-vrvn4mUS/1392964744587-0.8566589232068509/package
45 verbose lock tar:///home/raylin/tmp/npm-3170-vrvn4mUS/1392964744587-0.8566589232068509/package /home/raylin/.npm/86a58b7b-44587-0-8566589232068509-package.lock
46 silly lockFile ae75c307-npm-node-ssbox-0-0-1-package-tgz tar:///home/raylin/.npm/node-ssbox/0.0.1/package.tgz
47 verbose lock tar:///home/raylin/.npm/node-ssbox/0.0.1/package.tgz /home/raylin/.npm/ae75c307-npm-node-ssbox-0-0-1-package-tgz.lock
48 silly lockFile 86a58b7b-44587-0-8566589232068509-package tar:///home/raylin/tmp/npm-3170-vrvn4mUS/1392964744587-0.8566589232068509/package
49 silly lockFile 86a58b7b-44587-0-8566589232068509-package tar:///home/raylin/tmp/npm-3170-vrvn4mUS/1392964744587-0.8566589232068509/package
50 silly lockFile ae75c307-npm-node-ssbox-0-0-1-package-tgz tar:///home/raylin/.npm/node-ssbox/0.0.1/package.tgz
51 silly lockFile ae75c307-npm-node-ssbox-0-0-1-package-tgz tar:///home/raylin/.npm/node-ssbox/0.0.1/package.tgz
52 silly lockFile a51925b1-lin-npm-node-ssbox-0-0-1-package /home/raylin/.npm/node-ssbox/0.0.1/package
53 verbose lock /home/raylin/.npm/node-ssbox/0.0.1/package /home/raylin/.npm/a51925b1-lin-npm-node-ssbox-0-0-1-package.lock
54 silly lockFile a51925b1-lin-npm-node-ssbox-0-0-1-package /home/raylin/.npm/node-ssbox/0.0.1/package
55 silly lockFile a51925b1-lin-npm-node-ssbox-0-0-1-package /home/raylin/.npm/node-ssbox/0.0.1/package
56 verbose tar unpack /home/raylin/.npm/node-ssbox/0.0.1/package.tgz
57 silly lockFile d2bc5347-lin-npm-node-ssbox-0-0-1-package tar:///home/raylin/.npm/node-ssbox/0.0.1/package
58 verbose lock tar:///home/raylin/.npm/node-ssbox/0.0.1/package /home/raylin/.npm/d2bc5347-lin-npm-node-ssbox-0-0-1-package.lock
59 silly lockFile ae75c307-npm-node-ssbox-0-0-1-package-tgz tar:///home/raylin/.npm/node-ssbox/0.0.1/package.tgz
60 verbose lock tar:///home/raylin/.npm/node-ssbox/0.0.1/package.tgz /home/raylin/.npm/ae75c307-npm-node-ssbox-0-0-1-package-tgz.lock
61 silly gunzTarPerm modes [ '755', '644' ]
62 silly gunzTarPerm extractEntry package.json
63 silly gunzTarPerm extractEntry .npmignore
64 silly gunzTarPerm extractEntry README.md
65 silly gunzTarPerm extractEntry index.js
66 silly gunzTarPerm extractEntry lib/ssbox.js
67 silly lockFile d2bc5347-lin-npm-node-ssbox-0-0-1-package tar:///home/raylin/.npm/node-ssbox/0.0.1/package
68 silly lockFile d2bc5347-lin-npm-node-ssbox-0-0-1-package tar:///home/raylin/.npm/node-ssbox/0.0.1/package
69 silly lockFile ae75c307-npm-node-ssbox-0-0-1-package-tgz tar:///home/raylin/.npm/node-ssbox/0.0.1/package.tgz
70 silly lockFile ae75c307-npm-node-ssbox-0-0-1-package-tgz tar:///home/raylin/.npm/node-ssbox/0.0.1/package.tgz
71 verbose chmod /home/raylin/.npm/node-ssbox/0.0.1/package.tgz 644
72 verbose chown /home/raylin/.npm/node-ssbox/0.0.1/package.tgz [ 500, 500 ]
73 silly lockFile 3a52ce78- .
74 silly lockFile 3a52ce78- .
75 silly publish { name: 'node-ssbox',
75 silly publish   version: '0.0.1',
75 silly publish   description: 'SSBox node.js library',
75 silly publish   main: 'index.js',
75 silly publish   scripts: { test: 'echo "Error: no test specified" && exit 1' },
75 silly publish   keywords: [ 'ssbox' ],
75 silly publish   author: { name: 'Ray Lin', email: 'lieeray4136@gmail.com' },
75 silly publish   repository: { type: 'git', url: 'https://github.com/raylin/node-ssbox.git' },
75 silly publish   license: 'MIT',
75 silly publish   dependencies:
75 silly publish    { request: '~2.34.0',
75 silly publish      async: '~0.2.10',
75 silly publish      lodash: '~2.4.1',
75 silly publish      archiver: '~0.6.1' },
75 silly publish   devDependencies: { should: '~3.1.2', mocha: '~1.17.1' },
75 silly publish   readme: '# node-ssbox\n\nA node.js version library for SSBox service.\n',
75 silly publish   readmeFilename: 'README.md',
75 silly publish   bugs: { url: 'https://github.com/raylin/node-ssbox/issues' },
75 silly publish   homepage: 'https://github.com/raylin/node-ssbox',
75 silly publish   _id: 'node-ssbox@0.0.1',
75 silly publish   dist: { shasum: '6ece5e930908ebb16d0a8a2e3b71e3d11a741ee8' },
75 silly publish   _from: '.' }
76 verbose url raw node-ssbox
77 verbose url resolving [ 'https://registry.npmjs.org/', './node-ssbox' ]
78 verbose url resolved https://registry.npmjs.org/node-ssbox
79 info trying registry request attempt 1 at 14:39:04
80 http PUT https://registry.npmjs.org/node-ssbox
81 http 403 https://registry.npmjs.org/node-ssbox
82 info trying registry request attempt 1 at 14:39:08
83 http PUT https://registry.npmjs.org/node-ssbox
84 http 403 https://registry.npmjs.org/node-ssbox
85 error publish Failed PUT 403
86 error Error: forbidden cannot modify pre-existing version: 0.0.1
86 error old={"name":"node-ssbox","version":"0.0.1","description":"SSBox node.js library","main":"index.js","scripts":{"test":"echo \"Error: no test specified\" && exit 1"},"keywords":["ssbox"],"author":{"name":"Ray Lin"},"license":"MIT","dependencies":{"request":"~2.34.0","async":"~0.2.10","lodash":"~2.4.1","archiver":"~0.6.1"},"devDependencies":{"should":"~3.1.2","mocha":"~1.17.1"},"_id":"node-ssbox@0.0.1","dist":{"shasum":"4b84edb8b88a0cf58efc39be9a9b5f80ae892b3b","tarball":"http://registry.npmjs.org/node-ssbox/-/node-ssbox-0.0.1.tgz"},"_from":".","_npmVersion":"1.3.26","_npmUser":{"name":"raylin","email":"lieeray4136@gmail.com"},"maintainers":[{"name":"raylin","email":"lieeray4136@gmail.com"}]}
86 error new={"name":"node-ssbox","version":"0.0.1","description":"SSBox node.js library","main":"index.js","scripts":{"test":"echo \"Error: no test specified\" && exit 1"},"keywords":["ssbox"],"author":{"name":"Ray Lin","email":"lieeray4136@gmail.com"},"repository":{"type":"git","url":"https://github.com/raylin/node-ssbox.git"},"license":"MIT","dependencies":{"request":"~2.34.0","async":"~0.2.10","lodash":"~2.4.1","archiver":"~0.6.1"},"devDependencies":{"should":"~3.1.2","mocha":"~1.17.1"},"readme":"# node-ssbox\u000a\u000aA node.js version library for SSBox service.\u000a","readmeFilename":"README.md","bugs":{"url":"https://github.com/raylin/node-ssbox/issues"},"homepage":"https://github.com/raylin/node-ssbox","_id":"node-ssbox@0.0.1","dist":{"shasum":"6ece5e930908ebb16d0a8a2e3b71e3d11a741ee8","tarball":"http://registry.npmjs.org/node-ssbox/-/node-ssbox-0.0.1.tgz"},"_from":".","_npmVersion":"1.3.26","_npmUser":{"name":"raylin","email":"lieeray4136@gmail.com"},"maintainers":[{"name":"raylin","email":"lieeray4136@gmail.com"}]}: node-ssbox
86 error     at RegClient.<anonymous> (/usr/local/lib/node_modules/npm/node_modules/npm-registry-client/lib/request.js:276:14)
86 error     at Request.self.callback (/usr/local/lib/node_modules/npm/node_modules/request/request.js:123:22)
86 error     at Request.EventEmitter.emit (events.js:98:17)
86 error     at Request.<anonymous> (/usr/local/lib/node_modules/npm/node_modules/request/request.js:893:14)
86 error     at Request.EventEmitter.emit (events.js:117:20)
86 error     at IncomingMessage.<anonymous> (/usr/local/lib/node_modules/npm/node_modules/request/request.js:844:12)
86 error     at IncomingMessage.EventEmitter.emit (events.js:117:20)
86 error     at _stream_readable.js:920:16
86 error     at process._tickCallback (node.js:415:13)
87 error If you need help, you may report this *entire* log,
87 error including the npm and node versions, at:
87 error     <http://github.com/isaacs/npm/issues>
88 error System Linux 2.6.32-431.5.1.el6.x86_64
89 error command "node" "/usr/local/bin/npm" "publish"
90 error cwd /home/raylin/projects/node-ssbox
91 error node -v v0.10.25
92 error npm -v 1.3.26
93 verbose exit [ 1, true ]
